{"level":"info","message":"23:function getMinutes() { [native code] } - 16:5:2021 | Info: Web Server has been started"}
{"level":"info","message":"23:function getMinutes() { [native code] } - 16:5:2021 | Info: Command Loaded: bassboost"}
{"level":"info","message":"23:function getMinutes() { [native code] } - 16:5:2021 | Info: Command Loaded: clear"}
{"level":"info","message":"23:function getMinutes() { [native code] } - 16:5:2021 | Info: Command Loaded: config"}
{"level":"info","message":"23:function getMinutes() { [native code] } - 16:5:2021 | Info: Command Loaded: dashboard"}
{"level":"info","message":"23:function getMinutes() { [native code] } - 16:5:2021 | Info: Command Loaded: grab"}
{"level":"info","message":"23:function getMinutes() { [native code] } - 16:5:2021 | Info: Command Loaded: help"}
{"level":"info","message":"23:function getMinutes() { [native code] } - 16:5:2021 | Info: Command Loaded: info"}
{"level":"info","message":"23:function getMinutes() { [native code] } - 16:5:2021 | Info: Command Loaded: invite"}
{"level":"info","message":"23:function getMinutes() { [native code] } - 16:5:2021 | Info: Command Loaded: leave"}
{"level":"info","message":"23:function getMinutes() { [native code] } - 16:5:2021 | Info: Command Loaded: loop"}
{"level":"info","message":"23:function getMinutes() { [native code] } - 16:5:2021 | Info: Command Loaded: loopqueue"}
{"level":"info","message":"23:function getMinutes() { [native code] } - 16:5:2021 | Info: Command Loaded: lyrics"}
{"level":"info","message":"23:function getMinutes() { [native code] } - 16:5:2021 | Info: Command Loaded: nowplaying"}
{"level":"info","message":"23:function getMinutes() { [native code] } - 16:5:2021 | Info: Command Loaded: pause"}
{"level":"info","message":"23:function getMinutes() { [native code] } - 16:5:2021 | Info: Command Loaded: play"}
{"level":"info","message":"23:function getMinutes() { [native code] } - 16:5:2021 | Info: Command Loaded: queue"}
{"level":"info","message":"23:function getMinutes() { [native code] } - 16:5:2021 | Info: Command Loaded: remove"}
{"level":"info","message":"23:function getMinutes() { [native code] } - 16:5:2021 | Info: Command Loaded: resume"}
{"level":"info","message":"23:function getMinutes() { [native code] } - 16:5:2021 | Info: Command Loaded: search"}
{"level":"info","message":"23:function getMinutes() { [native code] } - 16:5:2021 | Info: Command Loaded: seek"}
{"level":"info","message":"23:function getMinutes() { [native code] } - 16:5:2021 | Info: Command Loaded: shuffle"}
{"level":"info","message":"23:function getMinutes() { [native code] } - 16:5:2021 | Info: Command Loaded: skip"}
{"level":"info","message":"23:function getMinutes() { [native code] } - 16:5:2021 | Info: Command Loaded: skipto"}
{"level":"info","message":"23:function getMinutes() { [native code] } - 16:5:2021 | Info: Command Loaded: volume"}
{"level":"info","message":"23:function getMinutes() { [native code] } - 16:5:2021 | Info: Event Loaded: guildCreate"}
{"level":"info","message":"23:function getMinutes() { [native code] } - 16:5:2021 | Info: Event Loaded: message"}
{"level":"info","message":"23:function getMinutes() { [native code] } - 16:5:2021 | Info: Event Loaded: raw"}
{"level":"info","message":"23:function getMinutes() { [native code] } - 16:5:2021 | Info: Event Loaded: ready"}
{"level":"info","message":"23:function getMinutes() { [native code] } - 16:5:2021 | Info: Successfully Logged in as MUSIC#7935"}
{"level":"info","message":"23:function getMinutes() { [native code] } - 16:5:2021 | Info: Lavalink: Node Main connected"}
{"level":"info","message":"23:function getMinutes() { [native code] } - 16:5:2021 | Info: Registering slash commands for 854668580817862656"}
{"level":"info","message":"23:function getMinutes() { [native code] } - 16:5:2021 | Info: [Slash Command]: [POST] Guild 854668580817862656, Command: bassboost"}
{"level":"info","message":"23:function getMinutes() { [native code] } - 16:5:2021 | Info: [Slash Command]: [POST] Guild 854668580817862656, Command: clear"}
{"level":"info","message":"23:function getMinutes() { [native code] } - 16:5:2021 | Info: [Slash Command]: [POST] Guild 854668580817862656, Command: config"}
{"level":"info","message":"23:function getMinutes() { [native code] } - 16:5:2021 | Info: [Slash Command]: [POST] Guild 854668580817862656, Command: dashboard"}
{"level":"info","message":"23:function getMinutes() { [native code] } - 16:5:2021 | Info: [Slash Command]: [POST] Guild 854668580817862656, Command: grab"}
{"level":"info","message":"23:function getMinutes() { [native code] } - 16:5:2021 | Info: [Slash Command]: [POST] Guild 854668580817862656, Command: help"}
{"level":"info","message":"23:function getMinutes() { [native code] } - 16:5:2021 | Info: [Slash Command]: [POST] Guild 854668580817862656, Command: help"}
{"level":"info","message":"23:function getMinutes() { [native code] } - 16:5:2021 | Info: [Slash Command]: [POST] Guild 854668580817862656, Command: invite"}
{"level":"info","message":"23:function getMinutes() { [native code] } - 16:5:2021 | Info: [Slash Command]: [POST] Guild 854668580817862656, Command: stop"}
{"level":"info","message":"23:function getMinutes() { [native code] } - 16:5:2021 | Info: [Slash Command]: [POST] Guild 854668580817862656, Command: loop"}
{"level":"info","message":"23:function getMinutes() { [native code] } - 16:5:2021 | Info: [Slash Command]: [POST] Guild 854668580817862656, Command: loopqueue"}
{"level":"info","message":"23:function getMinutes() { [native code] } - 16:5:2021 | Info: [Slash Command]: [POST] Guild 854668580817862656, Command: lyrics"}
{"level":"info","message":"23:function getMinutes() { [native code] } - 16:5:2021 | Info: [Slash Command]: [POST] Guild 854668580817862656, Command: nowplaying"}
{"level":"info","message":"23:function getMinutes() { [native code] } - 16:5:2021 | Info: [Slash Command]: [POST] Guild 854668580817862656, Command: pause"}
{"level":"info","message":"23:function getMinutes() { [native code] } - 16:5:2021 | Info: [Slash Command]: [POST] Guild 854668580817862656, Command: play"}
{"level":"info","message":"23:function getMinutes() { [native code] } - 16:5:2021 | Info: [Slash Command]: [POST] Guild 854668580817862656, Command: queue"}
{"level":"info","message":"23:function getMinutes() { [native code] } - 16:5:2021 | Info: [Slash Command]: [POST] Guild 854668580817862656, Command: remove"}
{"level":"info","message":"23:function getMinutes() { [native code] } - 16:5:2021 | Info: [Slash Command]: [POST] Guild 854668580817862656, Command: resume"}
{"level":"info","message":"23:function getMinutes() { [native code] } - 16:5:2021 | Info: [Slash Command]: [POST] Guild 854668580817862656, Command: search"}
{"level":"info","message":"23:function getMinutes() { [native code] } - 16:5:2021 | Info: [Slash Command]: [POST] Guild 854668580817862656, Command: shuffle"}
{"level":"info","message":"23:function getMinutes() { [native code] } - 16:5:2021 | Info: [Slash Command]: [POST] Guild 854668580817862656, Command: skip"}
{"level":"info","message":"23:function getMinutes() { [native code] } - 16:5:2021 | Info: [Slash Command]: [POST] Guild 854668580817862656, Command: skipto"}
{"level":"info","message":"23:function getMinutes() { [native code] } - 16:5:2021 | Info: [Slash Command]: [POST] Guild 854668580817862656, Command: volume"}
{"level":"info","message":"23:function getMinutes() { [native code] } - 16:5:2021 | Info: [Slash Command]: [POST-FAILED] Guild 854668580817862656, Command: bassboost"}
{"level":"info","message":"23:function getMinutes() { [native code] } - 16:5:2021 | Info: [Slash Command]: [POST-FAILED] Guild 854668580817862656, Command: clear"}
{"level":"info","message":"23:function getMinutes() { [native code] } - 16:5:2021 | Info: [Slash Command]: [POST-FAILED] Guild 854668580817862656, Command: config"}
{"level":"info","message":"23:function getMinutes() { [native code] } - 16:5:2021 | Info: [Slash Command]: [POST-FAILED] Guild 854668580817862656, Command: dashboard"}
{"level":"info","message":"23:function getMinutes() { [native code] } - 16:5:2021 | Info: [Slash Command]: [POST-FAILED] Guild 854668580817862656, Command: grab"}
{"level":"info","message":"23:function getMinutes() { [native code] } - 16:5:2021 | Info: [Slash Command]: [POST-FAILED] Guild 854668580817862656, Command: help"}
{"level":"info","message":"23:function getMinutes() { [native code] } - 16:5:2021 | Info: [Slash Command]: [POST-FAILED] Guild 854668580817862656, Command: help"}
{"level":"info","message":"23:function getMinutes() { [native code] } - 16:5:2021 | Info: [Slash Command]: [POST-FAILED] Guild 854668580817862656, Command: invite"}
{"level":"info","message":"23:function getMinutes() { [native code] } - 16:5:2021 | Info: [Slash Command]: [POST-FAILED] Guild 854668580817862656, Command: stop"}
{"level":"info","message":"23:function getMinutes() { [native code] } - 16:5:2021 | Info: [Slash Command]: [POST-FAILED] Guild 854668580817862656, Command: loop"}
{"level":"info","message":"23:function getMinutes() { [native code] } - 16:5:2021 | Info: [Slash Command]: [POST-FAILED] Guild 854668580817862656, Command: loopqueue"}
{"level":"info","message":"23:function getMinutes() { [native code] } - 16:5:2021 | Info: [Slash Command]: [POST-FAILED] Guild 854668580817862656, Command: lyrics"}
{"level":"info","message":"23:function getMinutes() { [native code] } - 16:5:2021 | Info: [Slash Command]: [POST-FAILED] Guild 854668580817862656, Command: nowplaying"}
{"level":"info","message":"23:function getMinutes() { [native code] } - 16:5:2021 | Info: [Slash Command]: [POST-FAILED] Guild 854668580817862656, Command: pause"}
{"level":"info","message":"23:function getMinutes() { [native code] } - 16:5:2021 | Info: [Slash Command]: [POST-FAILED] Guild 854668580817862656, Command: play"}
{"level":"info","message":"23:function getMinutes() { [native code] } - 16:5:2021 | Info: [Slash Command]: [POST-FAILED] Guild 854668580817862656, Command: queue"}
{"level":"info","message":"23:function getMinutes() { [native code] } - 16:5:2021 | Info: [Slash Command]: [POST-FAILED] Guild 854668580817862656, Command: remove"}
{"level":"info","message":"23:function getMinutes() { [native code] } - 16:5:2021 | Info: [Slash Command]: [POST-FAILED] Guild 854668580817862656, Command: resume"}
{"level":"info","message":"23:function getMinutes() { [native code] } - 16:5:2021 | Info: [Slash Command]: [POST-FAILED] Guild 854668580817862656, Command: search"}
{"level":"info","message":"23:function getMinutes() { [native code] } - 16:5:2021 | Info: [Slash Command]: [POST-FAILED] Guild 854668580817862656, Command: shuffle"}
